-------------------------------------------------------------------------------
Test set: TestSuite
-------------------------------------------------------------------------------
Tests run: 13, Failures: 7, Errors: 0, Skipped: 1, Time elapsed: 98.275 s <<< FAILURE! - in TestSuite
testMoveSlider(javaJava.SliderParameterizedTest)  Time elapsed: 0.035 s  <<< FAILURE!
java.lang.NullPointerException
	at javaJava.SliderParameterizedTest.testMoveSlider(SliderParameterizedTest.java:25)

testMoveSlider(javaJava.SliderParameterizedTest)  Time elapsed: 0.001 s  <<< FAILURE!
java.lang.NullPointerException
	at javaJava.SliderParameterizedTest.testMoveSlider(SliderParameterizedTest.java:25)

testMoveSlider(javaJava.SliderParameterizedTest)  Time elapsed: 0.001 s  <<< FAILURE!
java.lang.NullPointerException
	at javaJava.SliderParameterizedTest.testMoveSlider(SliderParameterizedTest.java:25)

testMoveSlider(javaJava.SliderParameterizedTest)  Time elapsed: 0 s  <<< FAILURE!
java.lang.NullPointerException
	at javaJava.SliderParameterizedTest.testMoveSlider(SliderParameterizedTest.java:25)

testMoveSlider(javaJava.SliderParameterizedTest)  Time elapsed: 0.002 s  <<< FAILURE!
java.lang.NullPointerException
	at javaJava.SliderParameterizedTest.testMoveSlider(SliderParameterizedTest.java:25)

testMoveSlider(javaJava.SliderParameterizedTest)  Time elapsed: 0 s  <<< FAILURE!
java.lang.NullPointerException
	at javaJava.SliderParameterizedTest.testMoveSlider(SliderParameterizedTest.java:25)

null on javaJava.FramesAndWindowsTest(javaJava.FramesAndWindowsTest)  Time elapsed: 13.484 s  <<< FAILURE!
org.openqa.selenium.NoSuchWindowException: 
no such window: target window already closed
from unknown error: web view not found
  (Session info: chrome=61.0.3163.100)
  (Driver info: chromedriver=2.33.506120 (e3e53437346286c0bc2d2dc9aa4915ba81d9023f),platform=Windows NT 10.0.15063 x86_64) (WARNING: The server did not provide any stacktrace information)
Command duration or timeout: 0 milliseconds
Build info: version: '3.6.0', revision: '6fbf3ec767', time: '2017-09-27T15:28:36.4Z'
System info: host: 'DESKTOP-VIOU2IR', ip: '192.168.8.100', os.name: 'Windows 10', os.arch: 'amd64', os.version: '10.0', java.version: '1.8.0_131'
Driver info: org.openqa.selenium.remote.RemoteWebDriver
Capabilities [{mobileEmulationEnabled=false, hasTouchScreen=false, platform=XP, acceptSslCerts=true, webStorageEnabled=true, browserName=chrome, takesScreenshot=true, javascriptEnabled=true, platformName=XP, setWindowRect=true, unexpectedAlertBehaviour=, applicationCacheEnabled=false, rotatable=false, networkConnectionEnabled=false, chrome={chromedriverVersion=2.33.506120 (e3e53437346286c0bc2d2dc9aa4915ba81d9023f), userDataDir=C:\Users\Kuki\AppData\Local\Temp\scoped_dir1300_19439}, takesHeapSnapshot=true, pageLoadStrategy=normal, unhandledPromptBehavior=, databaseEnabled=false, handlesAlerts=true, version=61.0.3163.100, browserConnectionEnabled=false, nativeEvents=true, locationContextEnabled=true, cssSelectorsEnabled=true}]
Session ID: 64d7c74044c182ce1b057b2f8859c11e

